<?xml version="1.0" encoding="UTF-8"?>
<testsuite name="com.monotonic.collections._3_lists.after.ShipmentTest" tests="5" skipped="0" failures="0" errors="0" timestamp="2026-02-18T10:52:52" hostname="PC163" time="0.021">
  <properties/>
  <testcase name="shouldNotReplaceMissingItems" classname="com.monotonic.collections._3_lists.after.ShipmentTest" time="0.017"/>
  <testcase name="shouldReplaceItems" classname="com.monotonic.collections._3_lists.after.ShipmentTest" time="0.0"/>
  <testcase name="shouldStripHeavyProducts" classname="com.monotonic.collections._3_lists.after.ShipmentTest" time="0.001"/>
  <testcase name="shouldIdentifyVanRequirements" classname="com.monotonic.collections._3_lists.after.ShipmentTest" time="0.001"/>
  <testcase name="shouldAddItems" classname="com.monotonic.collections._3_lists.after.ShipmentTest" time="0.0"/>
  <system-out><![CDATA[]]></system-out>
  <system-err><![CDATA[]]></system-err>
</testsuite>
