<?xml version="1.0" encoding="UTF-8"?>
<testsuite name="com.monotonic.collections._7_sets.before.WeightAwareProductCatalogueTest" tests="1" skipped="1" failures="0" errors="0" timestamp="2026-02-18T10:52:52" hostname="PC163" time="0.0">
  <properties/>
  <testcase name="shouldFindLighterProducts" classname="com.monotonic.collections._7_sets.before.WeightAwareProductCatalogueTest" time="0.0">
    <skipped/>
  </testcase>
  <system-out><![CDATA[]]></system-out>
  <system-err><![CDATA[]]></system-err>
</testsuite>
