<?xml version="1.0" encoding="UTF-8"?>
<testsuite xmlns:xsi="http://www.w3.org/2001/XMLSchema-instance" xsi:noNamespaceSchemaLocation="https://maven.apache.org/surefire/maven-surefire-plugin/xsd/surefire-test-report-3.0.xsd" version="3.0" name="org.esempio.courseinforepository.CourseInfoRepositoryTest" time="0.038" tests="3" errors="0" skipped="1" failures="0">
  <properties>
[...]
</properties>
  <testcase name="isFilled" classname="org.esempio.courseinforepository.CourseInfoRepositoryTest" time="0.0">
    <skipped message="void org.esempio.courseinforepository.CourseInfoRepositoryTest.isFilled() is @Disabled"/>
  </testcase>
  <testcase name="notFilled" classname="org.esempio.courseinforepository.CourseInfoRepositoryTest" time="0.015"/>
  <testcase name="FilledNull" classname="org.esempio.courseinforepository.CourseInfoRepositoryTest" time="0.001"/>
</testsuite>